<?xml version="1.0" encoding="UTF-8"?>
<testng-results ignored="0" total="1" passed="1" failed="0" skipped="0">
  <reporter-output>
  </reporter-output>
  <suite started-at="2020-01-26T22:01:30Z" name="InetBankingV1" finished-at="2020-01-26T22:01:54Z" duration-ms="23345">
    <groups>
    </groups>
    <test started-at="2020-01-26T22:01:30Z" name="BankingApp Test" finished-at="2020-01-26T22:01:54Z" duration-ms="23345">
      <class name="com.inetbanking.testCases.TC_AddCustomerTest_003">
        <test-method is-config="true" signature="setup(java.lang.String)[pri:0, instance:com.inetbanking.testCases.TC_AddCustomerTest_003@7ff95560]" started-at="2020-01-26T22:01:31Z" name="setup" finished-at="2020-01-26T22:01:38Z" duration-ms="7566" status="PASS">
          <params>
            <param index="0">
              <value>
                <![CDATA[chrome]]>
              </value>
            </param>
          </params>
          <reporter-output>
          </reporter-output>
        </test-method> <!-- setup -->
        <test-method signature="addNewCustomer()[pri:0, instance:com.inetbanking.testCases.TC_AddCustomerTest_003@7ff95560]" started-at="2020-01-26T22:01:38Z" name="addNewCustomer" finished-at="2020-01-26T22:01:53Z" duration-ms="14753" status="PASS">
          <reporter-output>
          </reporter-output>
        </test-method> <!-- addNewCustomer -->
        <test-method is-config="true" signature="tearDown()[pri:0, instance:com.inetbanking.testCases.TC_AddCustomerTest_003@7ff95560]" started-at="2020-01-26T22:01:53Z" name="tearDown" finished-at="2020-01-26T22:01:54Z" duration-ms="779" status="PASS">
          <reporter-output>
          </reporter-output>
        </test-method> <!-- tearDown -->
      </class> <!-- com.inetbanking.testCases.TC_AddCustomerTest_003 -->
    </test> <!-- BankingApp Test -->
  </suite> <!-- InetBankingV1 -->
</testng-results>
